[INFO][main][2019-01-08 16:54:35][org.springframework.context.support.AbstractApplicationContext] - Refreshing org.springframework.context.support.ClassPathXmlApplicationContext@7f13d6e: startup date [Tue Jan 08 16:54:35 CST 2019]; root of context hierarchy
[INFO][main][2019-01-08 16:54:35][org.springframework.beans.factory.xml.XmlBeanDefinitionReader] - Loading XML bean definitions from class path resource [spring-mvc.xml]
[INFO][main][2019-01-08 16:54:36][org.springframework.beans.factory.annotation.AutowiredAnnotationBeanPostProcessor] - JSR-330 'javax.inject.Inject' annotation found and supported for autowiring
[WARN][main][2019-01-08 16:54:36][org.springframework.context.support.AbstractApplicationContext] - Exception encountered during context initialization - cancelling refresh attempt: org.springframework.beans.factory.BeanCreationException: Error creating bean with name 'userController': Injection of resource dependencies failed; nested exception is org.springframework.beans.factory.NoSuchBeanDefinitionException: No qualifying bean of type [com.heitian.ssm.service.UserService] found for dependency: expected at least 1 bean which qualifies as autowire candidate for this dependency. Dependency annotations: {@javax.annotation.Resource(shareable=true, lookup=, name=, description=, authenticationType=CONTAINER, type=class java.lang.Object, mappedName=)}
[INFO][main][2019-01-08 16:55:19][org.springframework.context.support.AbstractApplicationContext] - Refreshing org.springframework.context.support.ClassPathXmlApplicationContext@7f13d6e: startup date [Tue Jan 08 16:55:19 CST 2019]; root of context hierarchy
[INFO][main][2019-01-08 16:55:19][org.springframework.beans.factory.xml.XmlBeanDefinitionReader] - Loading XML bean definitions from class path resource [spring-mvc.xml]
[INFO][main][2019-01-08 16:55:20][org.springframework.beans.factory.annotation.AutowiredAnnotationBeanPostProcessor] - JSR-330 'javax.inject.Inject' annotation found and supported for autowiring
[WARN][main][2019-01-08 16:55:20][org.springframework.context.support.AbstractApplicationContext] - Exception encountered during context initialization - cancelling refresh attempt: org.springframework.beans.factory.BeanCreationException: Error creating bean with name 'userController': Injection of resource dependencies failed; nested exception is org.springframework.beans.factory.NoSuchBeanDefinitionException: No qualifying bean of type [com.heitian.ssm.service.UserService] found for dependency: expected at least 1 bean which qualifies as autowire candidate for this dependency. Dependency annotations: {@javax.annotation.Resource(shareable=true, lookup=, name=, description=, authenticationType=CONTAINER, type=class java.lang.Object, mappedName=)}
[INFO][main][2019-01-08 16:55:39][org.springframework.context.support.AbstractApplicationContext] - Refreshing org.springframework.context.support.ClassPathXmlApplicationContext@7f13d6e: startup date [Tue Jan 08 16:55:39 CST 2019]; root of context hierarchy
[INFO][main][2019-01-08 16:55:39][org.springframework.beans.factory.xml.XmlBeanDefinitionReader] - Loading XML bean definitions from class path resource [spring-mvc.xml]
[INFO][main][2019-01-08 16:55:40][org.springframework.beans.factory.annotation.AutowiredAnnotationBeanPostProcessor] - JSR-330 'javax.inject.Inject' annotation found and supported for autowiring
[INFO][main][2019-01-08 16:55:40][org.springframework.web.servlet.mvc.method.annotation.RequestMappingHandlerAdapter] - Looking for @ControllerAdvice: org.springframework.context.support.ClassPathXmlApplicationContext@7f13d6e: startup date [Tue Jan 08 16:55:39 CST 2019]; root of context hierarchy
[INFO][main][2019-01-08 16:56:54][org.springframework.context.support.AbstractApplicationContext] - Refreshing org.springframework.context.support.ClassPathXmlApplicationContext@7f13d6e: startup date [Tue Jan 08 16:56:54 CST 2019]; root of context hierarchy
[INFO][main][2019-01-08 16:56:54][org.springframework.beans.factory.xml.XmlBeanDefinitionReader] - Loading XML bean definitions from class path resource [spring-mvc.xml]
[INFO][main][2019-01-08 16:56:55][org.springframework.beans.factory.annotation.AutowiredAnnotationBeanPostProcessor] - JSR-330 'javax.inject.Inject' annotation found and supported for autowiring
[INFO][main][2019-01-08 16:56:55][org.springframework.web.servlet.mvc.method.annotation.RequestMappingHandlerAdapter] - Looking for @ControllerAdvice: org.springframework.context.support.ClassPathXmlApplicationContext@7f13d6e: startup date [Tue Jan 08 16:56:54 CST 2019]; root of context hierarchy
[INFO][main][2019-01-08 16:59:10][org.springframework.context.support.AbstractApplicationContext] - Refreshing org.springframework.context.support.ClassPathXmlApplicationContext@7f13d6e: startup date [Tue Jan 08 16:59:10 CST 2019]; root of context hierarchy
[INFO][main][2019-01-08 16:59:10][org.springframework.beans.factory.xml.XmlBeanDefinitionReader] - Loading XML bean definitions from class path resource [spring-mvc.xml]
[INFO][main][2019-01-08 16:59:10][org.springframework.beans.factory.annotation.AutowiredAnnotationBeanPostProcessor] - JSR-330 'javax.inject.Inject' annotation found and supported for autowiring
[INFO][main][2019-01-08 16:59:11][org.springframework.web.servlet.mvc.method.annotation.RequestMappingHandlerAdapter] - Looking for @ControllerAdvice: org.springframework.context.support.ClassPathXmlApplicationContext@7f13d6e: startup date [Tue Jan 08 16:59:10 CST 2019]; root of context hierarchy
[INFO][main][2019-01-08 16:59:28][org.springframework.context.support.AbstractApplicationContext] - Refreshing org.springframework.context.support.ClassPathXmlApplicationContext@7f13d6e: startup date [Tue Jan 08 16:59:28 CST 2019]; root of context hierarchy
[INFO][main][2019-01-08 16:59:28][org.springframework.beans.factory.xml.XmlBeanDefinitionReader] - Loading XML bean definitions from class path resource [spring-mvc.xml]
[INFO][main][2019-01-08 16:59:29][org.springframework.beans.factory.annotation.AutowiredAnnotationBeanPostProcessor] - JSR-330 'javax.inject.Inject' annotation found and supported for autowiring
[INFO][main][2019-01-08 16:59:29][org.springframework.web.servlet.mvc.method.annotation.RequestMappingHandlerAdapter] - Looking for @ControllerAdvice: org.springframework.context.support.ClassPathXmlApplicationContext@7f13d6e: startup date [Tue Jan 08 16:59:28 CST 2019]; root of context hierarchy
[INFO][main][2019-01-08 17:01:46][org.springframework.context.support.AbstractApplicationContext] - Refreshing org.springframework.context.support.ClassPathXmlApplicationContext@7f13d6e: startup date [Tue Jan 08 17:01:46 CST 2019]; root of context hierarchy
[INFO][main][2019-01-08 17:01:46][org.springframework.beans.factory.xml.XmlBeanDefinitionReader] - Loading XML bean definitions from class path resource [spring-mvc.xml]
[INFO][main][2019-01-08 17:01:46][org.springframework.beans.factory.annotation.AutowiredAnnotationBeanPostProcessor] - JSR-330 'javax.inject.Inject' annotation found and supported for autowiring
[INFO][main][2019-01-08 17:01:47][org.springframework.web.servlet.mvc.method.annotation.RequestMappingHandlerAdapter] - Looking for @ControllerAdvice: org.springframework.context.support.ClassPathXmlApplicationContext@7f13d6e: startup date [Tue Jan 08 17:01:46 CST 2019]; root of context hierarchy
[INFO][main][2019-01-08 17:04:16][org.springframework.context.support.AbstractApplicationContext] - Refreshing org.springframework.context.support.ClassPathXmlApplicationContext@7f13d6e: startup date [Tue Jan 08 17:04:16 CST 2019]; root of context hierarchy
[INFO][main][2019-01-08 17:04:16][org.springframework.beans.factory.xml.XmlBeanDefinitionReader] - Loading XML bean definitions from class path resource [spring-aop.xml]
[INFO][main][2019-01-08 17:04:18][org.springframework.beans.factory.annotation.AutowiredAnnotationBeanPostProcessor] - JSR-330 'javax.inject.Inject' annotation found and supported for autowiring
[WARN][main][2019-01-08 17:04:18][org.springframework.context.support.AbstractApplicationContext] - Exception encountered during context initialization - cancelling refresh attempt: org.springframework.beans.factory.BeanCreationException: Error creating bean with name 'org.springframework.aop.config.internalAutoProxyCreator': Instantiation of bean failed; nested exception is org.springframework.beans.BeanInstantiationException: Failed to instantiate [org.springframework.aop.aspectj.annotation.AnnotationAwareAspectJAutoProxyCreator]: Constructor threw exception; nested exception is java.lang.NoClassDefFoundError: org/aspectj/lang/annotation/Around
[INFO][main][2019-01-08 17:05:15][org.springframework.context.support.AbstractApplicationContext] - Refreshing org.springframework.context.support.ClassPathXmlApplicationContext@7f13d6e: startup date [Tue Jan 08 17:05:15 CST 2019]; root of context hierarchy
[INFO][main][2019-01-08 17:05:15][org.springframework.beans.factory.xml.XmlBeanDefinitionReader] - Loading XML bean definitions from class path resource [spring-aop.xml]
[INFO][main][2019-01-08 17:05:15][org.springframework.beans.factory.annotation.AutowiredAnnotationBeanPostProcessor] - JSR-330 'javax.inject.Inject' annotation found and supported for autowiring
[WARN][main][2019-01-08 17:05:16][org.springframework.context.support.AbstractApplicationContext] - Exception encountered during context initialization - cancelling refresh attempt: org.springframework.beans.factory.BeanCreationException: Error creating bean with name 'userService': Injection of resource dependencies failed; nested exception is org.springframework.beans.factory.NoSuchBeanDefinitionException: No qualifying bean of type [com.heitian.ssm.dao.UserDao] found for dependency: expected at least 1 bean which qualifies as autowire candidate for this dependency. Dependency annotations: {@javax.annotation.Resource(shareable=true, lookup=, name=, description=, authenticationType=CONTAINER, type=class java.lang.Object, mappedName=)}
[INFO][main][2019-01-08 17:07:29][org.springframework.context.support.AbstractApplicationContext] - Refreshing org.springframework.context.support.ClassPathXmlApplicationContext@7f13d6e: startup date [Tue Jan 08 17:07:29 CST 2019]; root of context hierarchy
[INFO][main][2019-01-08 17:07:29][org.springframework.beans.factory.xml.XmlBeanDefinitionReader] - Loading XML bean definitions from class path resource [spring-aop.xml]
[INFO][main][2019-01-08 17:07:30][org.springframework.beans.factory.annotation.AutowiredAnnotationBeanPostProcessor] - JSR-330 'javax.inject.Inject' annotation found and supported for autowiring
[INFO][main][2019-01-08 17:08:24][org.springframework.context.support.AbstractApplicationContext] - Refreshing org.springframework.context.support.ClassPathXmlApplicationContext@7f13d6e: startup date [Tue Jan 08 17:08:24 CST 2019]; root of context hierarchy
[INFO][main][2019-01-08 17:08:24][org.springframework.beans.factory.xml.XmlBeanDefinitionReader] - Loading XML bean definitions from class path resource [spring-aop.xml]
[INFO][main][2019-01-08 17:08:24][org.springframework.beans.factory.annotation.AutowiredAnnotationBeanPostProcessor] - JSR-330 'javax.inject.Inject' annotation found and supported for autowiring
[INFO][main][2019-01-08 17:23:40][org.springframework.context.support.AbstractApplicationContext] - Refreshing org.springframework.context.support.ClassPathXmlApplicationContext@7f13d6e: startup date [Tue Jan 08 17:23:40 CST 2019]; root of context hierarchy
[INFO][main][2019-01-08 17:23:40][org.springframework.beans.factory.xml.XmlBeanDefinitionReader] - Loading XML bean definitions from class path resource [spring-aop.xml]
[INFO][main][2019-01-08 17:23:41][org.springframework.beans.factory.annotation.AutowiredAnnotationBeanPostProcessor] - JSR-330 'javax.inject.Inject' annotation found and supported for autowiring
[INFO][main][2019-01-08 17:25:28][org.springframework.context.support.AbstractApplicationContext] - Refreshing org.springframework.context.support.ClassPathXmlApplicationContext@7f13d6e: startup date [Tue Jan 08 17:25:28 CST 2019]; root of context hierarchy
[INFO][main][2019-01-08 17:25:28][org.springframework.beans.factory.xml.XmlBeanDefinitionReader] - Loading XML bean definitions from class path resource [spring-aop.xml]
[INFO][main][2019-01-08 17:25:29][org.springframework.beans.factory.annotation.AutowiredAnnotationBeanPostProcessor] - JSR-330 'javax.inject.Inject' annotation found and supported for autowiring
[INFO][main][2019-01-08 17:26:28][org.springframework.context.support.AbstractApplicationContext] - Refreshing org.springframework.context.support.ClassPathXmlApplicationContext@7f13d6e: startup date [Tue Jan 08 17:26:28 CST 2019]; root of context hierarchy
[INFO][main][2019-01-08 17:26:28][org.springframework.beans.factory.xml.XmlBeanDefinitionReader] - Loading XML bean definitions from class path resource [spring-aop1.xml]
[INFO][main][2019-01-08 17:26:29][org.springframework.beans.factory.annotation.AutowiredAnnotationBeanPostProcessor] - JSR-330 'javax.inject.Inject' annotation found and supported for autowiring
[INFO][main][2019-01-08 17:27:46][org.springframework.context.support.AbstractApplicationContext] - Refreshing org.springframework.context.support.ClassPathXmlApplicationContext@7f13d6e: startup date [Tue Jan 08 17:27:46 CST 2019]; root of context hierarchy
[INFO][main][2019-01-08 17:27:46][org.springframework.beans.factory.xml.XmlBeanDefinitionReader] - Loading XML bean definitions from class path resource [spring-aop.xml]
[INFO][main][2019-01-08 17:27:46][org.springframework.beans.factory.annotation.AutowiredAnnotationBeanPostProcessor] - JSR-330 'javax.inject.Inject' annotation found and supported for autowiring
[INFO][main][2019-01-08 17:28:06][org.springframework.context.support.AbstractApplicationContext] - Refreshing org.springframework.context.support.ClassPathXmlApplicationContext@7f13d6e: startup date [Tue Jan 08 17:28:06 CST 2019]; root of context hierarchy
[INFO][main][2019-01-08 17:28:06][org.springframework.beans.factory.xml.XmlBeanDefinitionReader] - Loading XML bean definitions from class path resource [spring-aop.xml]
[INFO][main][2019-01-08 17:28:07][org.springframework.beans.factory.annotation.AutowiredAnnotationBeanPostProcessor] - JSR-330 'javax.inject.Inject' annotation found and supported for autowiring
[INFO][main][2019-01-08 17:28:48][org.springframework.context.support.AbstractApplicationContext] - Refreshing org.springframework.context.support.ClassPathXmlApplicationContext@7f13d6e: startup date [Tue Jan 08 17:28:48 CST 2019]; root of context hierarchy
[INFO][main][2019-01-08 17:28:48][org.springframework.beans.factory.xml.XmlBeanDefinitionReader] - Loading XML bean definitions from class path resource [spring-aop1.xml]
[INFO][main][2019-01-08 17:28:48][org.springframework.beans.factory.annotation.AutowiredAnnotationBeanPostProcessor] - JSR-330 'javax.inject.Inject' annotation found and supported for autowiring
[INFO][main][2019-01-08 17:37:22][org.springframework.context.support.AbstractApplicationContext] - Refreshing org.springframework.context.support.ClassPathXmlApplicationContext@7f13d6e: startup date [Tue Jan 08 17:37:22 CST 2019]; root of context hierarchy
[INFO][main][2019-01-08 17:37:22][org.springframework.beans.factory.xml.XmlBeanDefinitionReader] - Loading XML bean definitions from class path resource [spring-aop1.xml]
[INFO][main][2019-01-08 17:37:23][org.springframework.beans.factory.annotation.AutowiredAnnotationBeanPostProcessor] - JSR-330 'javax.inject.Inject' annotation found and supported for autowiring
[INFO][main][2019-01-08 17:38:33][org.springframework.context.support.AbstractApplicationContext] - Refreshing org.springframework.context.support.ClassPathXmlApplicationContext@7f13d6e: startup date [Tue Jan 08 17:38:33 CST 2019]; root of context hierarchy
[INFO][main][2019-01-08 17:38:33][org.springframework.beans.factory.xml.XmlBeanDefinitionReader] - Loading XML bean definitions from class path resource [spring-aop1.xml]
[INFO][main][2019-01-08 17:38:33][org.springframework.beans.factory.annotation.AutowiredAnnotationBeanPostProcessor] - JSR-330 'javax.inject.Inject' annotation found and supported for autowiring
[INFO][main][2019-01-10 14:51:58][org.springframework.context.support.AbstractApplicationContext] - Refreshing org.springframework.context.support.ClassPathXmlApplicationContext@11c9af63: startup date [Thu Jan 10 14:51:58 CST 2019]; root of context hierarchy
[INFO][main][2019-01-10 14:51:58][org.springframework.beans.factory.xml.XmlBeanDefinitionReader] - Loading XML bean definitions from class path resource [bean.xml]
[INFO][main][2019-01-10 14:55:10][org.springframework.context.support.AbstractApplicationContext] - Refreshing org.springframework.context.support.ClassPathXmlApplicationContext@11c9af63: startup date [Thu Jan 10 14:55:10 CST 2019]; root of context hierarchy
[INFO][main][2019-01-10 14:55:10][org.springframework.beans.factory.xml.XmlBeanDefinitionReader] - Loading XML bean definitions from class path resource [bean.xml]
[INFO][main][2019-01-10 15:00:02][org.springframework.context.support.AbstractApplicationContext] - Refreshing org.springframework.context.support.ClassPathXmlApplicationContext@11c9af63: startup date [Thu Jan 10 15:00:02 CST 2019]; root of context hierarchy
[INFO][main][2019-01-10 15:00:02][org.springframework.beans.factory.xml.XmlBeanDefinitionReader] - Loading XML bean definitions from class path resource [bean.xml]
[INFO][main][2019-01-10 15:01:36][org.springframework.context.support.AbstractApplicationContext] - Refreshing org.springframework.context.support.ClassPathXmlApplicationContext@11c9af63: startup date [Thu Jan 10 15:01:36 CST 2019]; root of context hierarchy
[INFO][main][2019-01-10 15:01:36][org.springframework.beans.factory.xml.XmlBeanDefinitionReader] - Loading XML bean definitions from class path resource [bean.xml]
[INFO][main][2019-01-10 15:15:12][org.springframework.context.support.AbstractApplicationContext] - Refreshing org.springframework.context.support.ClassPathXmlApplicationContext@11c9af63: startup date [Thu Jan 10 15:15:12 CST 2019]; root of context hierarchy
[INFO][main][2019-01-10 15:15:12][org.springframework.beans.factory.xml.XmlBeanDefinitionReader] - Loading XML bean definitions from class path resource [bean.xml]
[INFO][main][2019-01-10 15:16:08][org.springframework.context.support.AbstractApplicationContext] - Refreshing org.springframework.context.support.ClassPathXmlApplicationContext@11c9af63: startup date [Thu Jan 10 15:16:08 CST 2019]; root of context hierarchy
[INFO][main][2019-01-10 15:16:08][org.springframework.beans.factory.xml.XmlBeanDefinitionReader] - Loading XML bean definitions from class path resource [bean.xml]
[INFO][main][2019-01-10 15:16:21][org.springframework.context.support.AbstractApplicationContext] - Refreshing org.springframework.context.support.ClassPathXmlApplicationContext@11c9af63: startup date [Thu Jan 10 15:16:21 CST 2019]; root of context hierarchy
[INFO][main][2019-01-10 15:16:21][org.springframework.beans.factory.xml.XmlBeanDefinitionReader] - Loading XML bean definitions from class path resource [bean.xml]
[INFO][main][2019-01-10 15:25:17][org.springframework.context.support.AbstractApplicationContext] - Refreshing org.springframework.context.support.ClassPathXmlApplicationContext@11c9af63: startup date [Thu Jan 10 15:25:17 CST 2019]; root of context hierarchy
[INFO][main][2019-01-10 15:25:17][org.springframework.beans.factory.xml.XmlBeanDefinitionReader] - Loading XML bean definitions from class path resource [bean.xml]
[INFO][main][2019-01-10 15:28:53][org.springframework.context.support.AbstractApplicationContext] - Refreshing org.springframework.context.support.ClassPathXmlApplicationContext@11c9af63: startup date [Thu Jan 10 15:28:53 CST 2019]; root of context hierarchy
[INFO][main][2019-01-10 15:28:53][org.springframework.beans.factory.xml.XmlBeanDefinitionReader] - Loading XML bean definitions from class path resource [bean.xml]
[INFO][main][2019-01-10 15:30:10][org.springframework.context.support.AbstractApplicationContext] - Refreshing org.springframework.context.support.ClassPathXmlApplicationContext@11c9af63: startup date [Thu Jan 10 15:30:10 CST 2019]; root of context hierarchy
[INFO][main][2019-01-10 15:30:10][org.springframework.beans.factory.xml.XmlBeanDefinitionReader] - Loading XML bean definitions from class path resource [bean.xml]
[INFO][main][2019-01-10 15:31:15][org.springframework.context.support.AbstractApplicationContext] - Refreshing org.springframework.context.support.ClassPathXmlApplicationContext@11c9af63: startup date [Thu Jan 10 15:31:15 CST 2019]; root of context hierarchy
[INFO][main][2019-01-10 15:31:15][org.springframework.beans.factory.xml.XmlBeanDefinitionReader] - Loading XML bean definitions from class path resource [bean.xml]
[INFO][main][2019-01-10 15:32:32][org.springframework.context.support.AbstractApplicationContext] - Refreshing org.springframework.context.support.ClassPathXmlApplicationContext@11c9af63: startup date [Thu Jan 10 15:32:32 CST 2019]; root of context hierarchy
[INFO][main][2019-01-10 15:32:32][org.springframework.beans.factory.xml.XmlBeanDefinitionReader] - Loading XML bean definitions from class path resource [bean.xml]
[WARN][main][2019-01-10 15:32:33][org.springframework.context.support.AbstractApplicationContext] - Exception encountered during context initialization - cancelling refresh attempt: org.springframework.beans.factory.BeanCreationException: Error creating bean with name 'userDao1' defined in class path resource [bean.xml]: Error setting property values; nested exception is org.springframework.beans.NotWritablePropertyException: Invalid property 'jdbcTemplate' of bean class [test.SpringTest.JdbcTemplate.UserDao1]: Bean property 'jdbcTemplate' is not writable or has an invalid setter method. Does the parameter type of the setter match the return type of the getter?
[INFO][main][2019-01-10 15:34:09][org.springframework.context.support.AbstractApplicationContext] - Refreshing org.springframework.context.support.ClassPathXmlApplicationContext@11c9af63: startup date [Thu Jan 10 15:34:09 CST 2019]; root of context hierarchy
[INFO][main][2019-01-10 15:34:09][org.springframework.beans.factory.xml.XmlBeanDefinitionReader] - Loading XML bean definitions from class path resource [bean.xml]
[INFO][main][2019-01-10 15:37:02][org.springframework.context.support.AbstractApplicationContext] - Refreshing org.springframework.context.support.ClassPathXmlApplicationContext@11c9af63: startup date [Thu Jan 10 15:37:02 CST 2019]; root of context hierarchy
[INFO][main][2019-01-10 15:37:02][org.springframework.beans.factory.xml.XmlBeanDefinitionReader] - Loading XML bean definitions from class path resource [bean.xml]
[INFO][main][2019-01-10 15:37:39][org.springframework.context.support.AbstractApplicationContext] - Refreshing org.springframework.context.support.ClassPathXmlApplicationContext@4c40b76e: startup date [Thu Jan 10 15:37:39 CST 2019]; root of context hierarchy
[INFO][main][2019-01-10 15:37:39][org.springframework.beans.factory.xml.XmlBeanDefinitionReader] - Loading XML bean definitions from class path resource [bean.xml]
[INFO][main][2019-01-10 15:37:48][org.springframework.context.support.AbstractApplicationContext] - Refreshing org.springframework.context.support.ClassPathXmlApplicationContext@11c9af63: startup date [Thu Jan 10 15:37:48 CST 2019]; root of context hierarchy
[INFO][main][2019-01-10 15:37:48][org.springframework.beans.factory.xml.XmlBeanDefinitionReader] - Loading XML bean definitions from class path resource [bean.xml]
[INFO][main][2019-01-16 15:38:13][org.springframework.context.support.AbstractApplicationContext] - Refreshing org.springframework.context.support.ClassPathXmlApplicationContext@7f13d6e: startup date [Wed Jan 16 15:38:13 CST 2019]; root of context hierarchy
[INFO][main][2019-01-16 15:38:14][org.springframework.beans.factory.xml.XmlBeanDefinitionReader] - Loading XML bean definitions from class path resource [spring-aop1.xml]
[INFO][main][2019-01-16 15:38:14][org.springframework.beans.factory.annotation.AutowiredAnnotationBeanPostProcessor] - JSR-330 'javax.inject.Inject' annotation found and supported for autowiring
